<?xml version="1.0" encoding="UTF-8"?>
<testsuite name="com.key.test.PopcornWithKeyTest" tests="1" skipped="0" failures="0" errors="0" timestamp="2022-08-21T19:57:56" hostname="Vikass-MacBook-Air.local" time="4.445">
  <properties/>
  <testcase name="successfulPromotionWithKeyTest" classname="com.key.test.PopcornWithKeyTest" time="4.445"/>
  <system-out><![CDATA[
GetPromotionCodeEndPointLink URL --- GET https://api.intigral-ott.net/popcorn-api-rs-7.9.17/v1/promotions
GetPromotionCodeEndPointLink Curl --- curl -X GET https://api.intigral-ott.net/popcorn-api-rs-7.9.17/v1/promotions?apikey=webB2BGDMSTGExy0sVDlZMzNDdUyZ 
GetPromotionCodeEndPointLink Response Status Code --- (200)
GetPromotionCodeEndPointLink Response --- {"promotions":[{"promotionId":"sabe movie for b2b","orderId":32,"promoArea":["home:main"],"promoType":"VOD","showPrice":false,"showText":false,"localizedTexts":{"ar":["Sabe movie"," "," "],"en":["Sabe movie"," "," "]},"properties":[{"year":"2019","programType":"movie","currency":"SAR","programAvailabilityId":"http://data.entertainment.tv.theplatform.eu/entertainment/data/ProgramAvailability/192005160233","rating":{"scheme":"urn:www.citc.gov.sa","rating":"15"},"categories":["GADM","Movies"],"genre":["Comedy"],"programDescription":{"ar":"???? ?????? ???????. ???? ??? ????? ??????? ??? ??????? ?????????? ??? ??? ??????? ??? ????? ?????? ?????????. ?? ???? ??????? ?????? ???????? ?? ??????? ?? ?? ????????? ????? ???? ??????? ???????","en":"Comedy. Despite the disapproval of their families, Omar and Nesma tie the knot but tragedy strikes when armed assailants attack the newlyweds. Can the couple emerge unscathed from the trauma or is their union doomed?"},"duration":"5382"}],"images":[{"id":"280x392","url":"https://s3-eu-west-1.amazonaws.com/image.wt/Promotions/main/main_1618394942.jpeg","width":280,"height":392},{"id":"1024x392","url":"https://s3-eu-west-1.amazonaws.com/image.wt/Promotions/tablet/tablet_1618394942.jpeg","width":1024,"height":392},{"id":"640x487","url":"https://s3-eu-west-1.amazonaws.com/image.wt/Promotions/mobile/mobile_1618394942.jpeg","width":640,"height":487},{"id":"1920x1080","url":"https://s3-eu-west-1.amazonaws.com/image.wt/Promotions/weblandscape/weblandscape_1618394942.jpeg","width":1920,"height":1080},{"id":"396x586","url":"https://s3-eu-west-1.amazonaws.com/image.wt/Promotions/webportrait/webportrait_1618394942.jpeg","width":396,"height":586},{"id":"1920x1080","url":"https://s3-eu-west-1.amazonaws.com/image.wt/Promotions/webcp_en/webcp_en_1618394942.jpeg","width":1920,"height":1080},{"id":"1920x1080","url":"https://s3-eu-west-1.amazonaws.com/image.wt/Promotions/webcp_ar/webcp_ar_1618394942.jpeg","width":1920,"height":1080},{"id":"1272x440","url":"https://s3-eu-west-1.amazonaws.com/image.wt/Promotions/webcp_logo_en/webcp_logo_en_1618394942.png","width":1272,"height":440},{"id":"1272x440","url":"https://s3-eu-west-1.amazonaws.com/image.wt/Promotions/webcp_logo_ar/webcp_logo_ar_1618394943.png","width":1272,"height":440}]},{"promotionId":"Bharti subscription b2b","orderId":52,"promoArea":["home:main"],"promoType":"SUBSCRIPTION","showPrice":true,"showText":true,"localizedTexts":{"ar":["Bharti subscription b2b2c"," "],"en":["Bharti subscription b2b2c"," "]},"properties":[{"price":"28.00","currency":"SAR","subscriptionGuid":"BASE_SUBSCRIPTION"}],"images":[{"id":"280x392","url":"https://s3-eu-west-1.amazonaws.com/image.wt/Promotions/main/main_1626078795.jpeg","width":280,"height":392},{"id":"1024x392","url":"https://s3-eu-west-1.amazonaws.com/image.wt/Promotions/tablet/tablet_1626078795.jpeg","width":1024,"height":392},{"id":"640x487","url":"https://s3-eu-west-1.amazonaws.com/image.wt/Promotions/mobile/mobile_1626078795.jpeg","width":640,"height":487},{"id":"1920x1080","url":"https://s3-eu-west-1.amazonaws.com/image.wt/Promotions/weblandscape/weblandscape_1626078795.jpeg","width":1920,"height":1080},{"id":"396x586","url":"https://s3-eu-west-1.amazonaws.com/image.wt/Promotions/webportrait/webportrait_1626078795.jpeg","width":396,"height":586},{"id":"1920x1080","url":"https://s3-eu-west-1.amazonaws.com/image.wt/Promotions/webcp_en/webcp_en_1626078795.jpeg","width":1920,"height":1080},{"id":"1920x1080","url":"https://s3-eu-west-1.amazonaws.com/image.wt/Promotions/webcp_ar/webcp_ar_1626078795.jpeg","width":1920,"height":1080},{"id":"396x586","url":"https://s3-eu-west-1.amazonaws.com/image.wt/Promotions/webcp_logo_en/webcp_logo_en_1626078795.jpeg","width":396,"height":586},{"id":"396x586","url":"https://s3-eu-west-1.amazonaws.com/image.wt/Promotions/webcp_logo_ar/webcp_logo_ar_1626078795.jpeg","width":396,"height":586}]},{"promotionId":"Bharti channel b2b","orderId":53,"promoArea":["home:main"],"promoType":"CHANNEL","showPrice":true,"showText":true,"localizedTexts":{"ar":["Bharti Arabic b2b"," "," "],"en":["Bharti Arabic b2b2c"," "]},"properties":[{"channelId":"http://data.entertainment.tv.theplatform.eu/entertainment/data/Channel/132941864273","guid":"JAW1_KSA","updated":1647518498000,"title":"Jawwy TV Live","channelNumber":1,"locationId":"http://data.entertainment.tv.theplatform.eu/entertainment/data/Location/61157928362","categories":["Entertainment"],"subscriptionGuids":["BASE_SUBSCRIPTION","BASE_PLUS_SUBSCRIPTION"]}],"images":[{"id":"280x392","url":"https://s3-eu-west-1.amazonaws.com/image.wt/Promotions/main/main_1626084994.jpeg","width":280,"height":392},{"id":"1024x392","url":"https://s3-eu-west-1.amazonaws.com/image.wt/Promotions/tablet/tablet_1626084994.jpeg","width":1024,"height":392},{"id":"640x487","url":"https://s3-eu-west-1.amazonaws.com/image.wt/Promotions/mobile/mobile_1626084994.jpeg","width":640,"height":487},{"id":"1920x1080","url":"https://s3-eu-west-1.amazonaws.com/image.wt/Promotions/weblandscape/weblandscape_1626084994.jpeg","width":1920,"height":1080},{"id":"396x586","url":"https://s3-eu-west-1.amazonaws.com/image.wt/Promotions/webportrait/webportrait_1626084994.jpeg","width":396,"height":586},{"id":"1920x1080","url":"https://s3-eu-west-1.amazonaws.com/image.wt/Promotions/webcp_en/webcp_en_1626084994.jpeg","width":1920,"height":1080},{"id":"1920x1080","url":"https://s3-eu-west-1.amazonaws.com/image.wt/Promotions/webcp_ar/webcp_ar_1626084994.jpeg","width":1920,"height":1080},{"id":"396x586","url":"https://s3-eu-west-1.amazonaws.com/image.wt/Promotions/webcp_logo_en/webcp_logo_en_1626084994.jpeg","width":396,"height":586},{"id":"396x586","url":"https://s3-eu-west-1.amazonaws.com/image.wt/Promotions/webcp_logo_ar/webcp_logo_ar_1626084994.jpeg","width":396,"height":586}]},{"promotionId":"Bharti Episode b2b2c","orderId":54,"promoArea":["home:main"],"promoType":"EPISODE","showPrice":true,"showText":true,"localizedTexts":{"ar":["Bharti Episode b2b2c"," "],"en":["Bharti Episode b2b2c"," "]},"properties":[{"year":"2007","programType":"episode","currency":"SAR","programAvailabilityId":"http://data.entertainment.tv.theplatform.eu/entertainment/data/ProgramAvailability/215535143960","rating":{"scheme":"urn:www.citc.gov.sa","rating":"18"},"categories":["Arabic","GADM","Series"],"seriesId":"http://data.entertainment.tv.theplatform.eu/entertainment/data/Program/guid/2702652773/079_INT-INTIGRAL-SERIES-S0009594","seasonNumber":1,"seriesPaId":"http://data.entertainment.tv.theplatform.eu/entertainment/data/ProgramAvailability/215440424268","genre":["Drama"],"programDescription":{"ar":"?? ????? ???? ??????? ????? ???? ?????? ??? ???? ?????? ?? ???? ??????? ???????? ???? ??? ??????? ?????? ???? ????? ??? ??? ?????? ????? ??? 1967 ???? ???? ?????? ??????? ?? ????? ??????.","en":"Starring Salah E-Saadani, Busi and Abdel Rahman Abou Zahra, this gritty drama series takes an unflinching look at the 1967 Six-Day War that transformed the political landscape of the Middle East."},"duration":"2881","episodeNumber":28,"seriesGuid":"079_INT-INTIGRAL-SERIES-S0009594"}],"images":[{"id":"280x392","url":"https://s3-eu-west-1.amazonaws.com/image.wt/Promotions/main/main_1626085396.jpeg","width":280,"height":392},{"id":"1024x392","url":"https://s3-eu-west-1.amazonaws.com/image.wt/Promotions/tablet/tablet_1626085396.jpeg","width":1024,"height":392},{"id":"640x487","url":"https://s3-eu-west-1.amazonaws.com/image.wt/Promotions/mobile/mobile_1626085396.jpeg","width":640,"height":487},{"id":"1920x1080","url":"https://s3-eu-west-1.amazonaws.com/image.wt/Promotions/weblandscape/weblandscape_1626085396.jpeg","width":1920,"height":1080},{"id":"396x586","url":"https://s3-eu-west-1.amazonaws.com/image.wt/Promotions/webportrait/webportrait_1626085396.jpeg","width":396,"height":586},{"id":"1920x1080","url":"https://s3-eu-west-1.amazonaws.com/image.wt/Promotions/webcp_en/webcp_en_1626085396.jpeg","width":1920,"height":1080},{"id":"1920x1080","url":"https://s3-eu-west-1.amazonaws.com/image.wt/Promotions/webcp_ar/webcp_ar_1626085396.jpeg","width":1920,"height":1080},{"id":"396x586","url":"https://s3-eu-west-1.amazonaws.com/image.wt/Promotions/webcp_logo_en/webcp_logo_en_1626085396.jpeg","width":396,"height":586},{"id":"396x586","url":"https://s3-eu-west-1.amazonaws.com/image.wt/Promotions/webcp_logo_ar/webcp_logo_ar_1626085397.jpeg","width":396,"height":586}]},{"promotionId":"Bharti season b2b","orderId":104,"promoArea":["home:main"],"promoType":"SEASON","showPrice":true,"showText":true,"localizedTexts":{"ar":["Bharti season b2b"," "," "],"en":["Bharti season b2b"," "," "]},"properties":[{"rating":{"scheme":"urn:www.citc.gov.sa","rating":"Family"},"guid":"048_INT-INTIGRAL-SEASON-S0008770004","updated":1626081083000,"title":"Karameesh Kids Songs, S04","seasonId":"http://data.entertainment.tv.theplatform.eu/entertainment/data/TvSeason/215440424274","seriesId":"http://data.entertainment.tv.theplatform.eu/entertainment/data/Program/guid/2702652773/048_INT-INTIGRAL-SERIES-S0008770","seasonNumber":4,"seriesPaId":"http://data.entertainment.tv.theplatform.eu/entertainment/data/ProgramAvailability/141522984065","noOfEpisodes":13,"seriesGuid":"048_INT-INTIGRAL-SERIES-S0008770","firstEpisodeId":"http://data.entertainment.tv.theplatform.eu/entertainment/data/ProgramAvailability/215531560417"}],"images":[{"id":"280x392","url":"https://s3-eu-west-1.amazonaws.com/image.wt/Promotions/main/main_1626101030.jpeg","width":280,"height":392},{"id":"1024x392","url":"https://s3-eu-west-1.amazonaws.com/image.wt/Promotions/tablet/tablet_1626101030.jpeg","width":1024,"height":392},{"id":"640x487","url":"https://s3-eu-west-1.amazonaws.com/image.wt/Promotions/mobile/mobile_1626101030.jpeg","width":640,"height":487},{"id":"1920x1080","url":"https://s3-eu-west-1.amazonaws.com/image.wt/Promotions/weblandscape/weblandscape_1626101030.jpeg","width":1920,"height":1080},{"id":"396x586","url":"https://s3-eu-west-1.amazonaws.com/image.wt/Promotions/webportrait/webportrait_1626101030.jpeg","width":396,"height":586},{"id":"1920x1080","url":"https://s3-eu-west-1.amazonaws.com/image.wt/Promotions/webcp_en/webcp_en_1626101030.jpeg","width":1920,"height":1080},{"id":"1920x1080","url":"https://s3-eu-west-1.amazonaws.com/image.wt/Promotions/webcp_ar/webcp_ar_1626101030.jpeg","width":1920,"height":1080},{"id":"396x586","url":"https://s3-eu-west-1.amazonaws.com/image.wt/Promotions/webcp_logo_en/webcp_logo_en_1626101030.jpeg","width":396,"height":586},{"id":"396x586","url":"https://s3-eu-west-1.amazonaws.com/image.wt/Promotions/webcp_logo_ar/webcp_logo_ar_1626101030.jpeg","width":396,"height":586}]}]}
GetPromotionCodeEndPointLink Response headers --- 
Date=Sun, 21 Aug 2022 19:58:00 GMT
Content-Type=application/json;charset=utf-8
Transfer-Encoding=chunked
Connection=keep-alive
Server=Apache-Coyote/1.1
_ppcExecutionTimeMilliSeconds=1318.0
_ppcExecutionTimeSeconds=1.318
_ppcRequestId=1564c27f-40cc-4ada-9a13-9ef06beb163b
_ppcRequestTime=2022-08-21 19:57:59.423
_ppcResponseTime=2022-08-21 19:58:00.741
Access-Control-Allow-Credentials=true
Access-Control-Allow-Headers=*,encPw,token,epochMs,requestId,Content-Type,Authorization,identityToken,Correlation-Id,X-Requested-With,tpaySessionToken,Access-Control-Allow-Origin,Access-Control-Allow-Headers,ssl,noAuth,signature,timestamp,encPassword,username,password
Access-Control-Allow-Methods=GET,PUT,DELETE, POST,OPTIONS
Access-Control-Allow-Origin=*
Get popcorn api promotion with key  Response --- GET (200)
true
true
true
true
true
true
true
true
true
true
true
true
true
true
true
]]></system-out>
  <system-err><![CDATA[]]></system-err>
</testsuite>
